round 1
round 2
original block (1,2) shifted to (1,1) 
original block (2,2) shifted to (2,1) 
original block (3,2) shifted to (3,1) 
original block (4,2) shifted to (4,1) 
original block (6,2) shifted to (6,1) 
original block (7,2) shifted to (7,1) 
original block (8,2) shifted to (8,1) 
original block (9,2) shifted to (9,1) 
original block (10,2) shifted to (10,1) 
original block (11,2) shifted to (11,1) 
original block (12,2) shifted to (12,1) 
original block (13,2) shifted to (13,1) 
original block (14,2) shifted to (14,1) 
original block (15,2) shifted to (15,1) 
original block (16,2) shifted to (16,1) 
original block (17,2) shifted to (17,1) 
original block (1,3) shifted to (1,2) 
original block (2,3) shifted to (2,2) 
original block (3,3) shifted to (3,2) 
original block (4,3) shifted to (4,2) 
original block (6,3) shifted to (6,2) 
original block (7,3) shifted to (7,2) 
original block (8,3) shifted to (8,2) 
original block (9,3) shifted to (9,2) 
original block (10,3) shifted to (10,2) 
original block (11,3) shifted to (11,2) 
original block (12,3) shifted to (12,2) 
original block (13,3) shifted to (13,2) 
original block (14,3) shifted to (14,2) 
original block (15,3) shifted to (15,2) 
original block (16,3) shifted to (16,2) 
original block (17,3) shifted to (17,2) 
original block (1,4) shifted to (1,3) 
original block (2,4) shifted to (2,3) 
original block (3,4) shifted to (3,3) 
original block (4,4) shifted to (4,3) 
original block (6,4) shifted to (6,3) 
original block (7,4) shifted to (7,3) 
original block (8,4) shifted to (8,3) 
original block (9,4) shifted to (9,3) 
original block (10,4) shifted to (10,3) 
original block (11,4) shifted to (11,3) 
original block (12,4) shifted to (12,3) 
original block (13,4) shifted to (13,3) 
original block (14,4) shifted to (14,3) 
original block (15,4) shifted to (15,3) 
original block (16,4) shifted to (16,3) 
original block (17,4) shifted to (17,3) 
original block (1,5) shifted to (1,4) 
original block (2,5) shifted to (2,4) 
original block (3,5) shifted to (3,4) 
original block (4,5) shifted to (4,4) 
original block (6,5) shifted to (6,4) 
original block (7,5) shifted to (7,4) 
original block (8,5) shifted to (8,4) 
original block (9,5) shifted to (9,4) 
original block (10,5) shifted to (10,4) 
original block (11,5) shifted to (11,4) 
original block (12,5) shifted to (12,4) 
original block (13,5) shifted to (13,4) 
original block (14,5) shifted to (14,4) 
original block (15,5) shifted to (15,4) 
original block (16,5) shifted to (16,4) 
original block (17,5) shifted to (17,4) 
original block (1,6) shifted to (1,5) 
original block (2,6) shifted to (2,5) 
original block (3,6) shifted to (3,5) 
original block (4,6) shifted to (4,5) 
original block (6,6) shifted to (6,5) 
original block (7,6) shifted to (7,5) 
original block (8,6) shifted to (8,5) 
original block (9,6) shifted to (9,5) 
original block (10,6) shifted to (10,5) 
original block (11,6) shifted to (11,5) 
original block (12,6) shifted to (12,5) 
original block (13,6) shifted to (13,5) 
original block (14,6) shifted to (14,5) 
original block (15,6) shifted to (15,5) 
original block (16,6) shifted to (16,5) 
original block (17,6) shifted to (17,5) 
original block (1,7) shifted to (1,6) 
original block (2,7) shifted to (2,6) 
original block (3,7) shifted to (3,6) 
original block (4,7) shifted to (4,6) 
original block (6,7) shifted to (6,6) 
original block (7,7) shifted to (7,6) 
original block (8,7) shifted to (8,6) 
original block (9,7) shifted to (9,6) 
original block (10,7) shifted to (10,6) 
original block (11,7) shifted to (11,6) 
original block (12,7) shifted to (12,6) 
original block (13,7) shifted to (13,6) 
original block (14,7) shifted to (14,6) 
original block (15,7) shifted to (15,6) 
original block (16,7) shifted to (16,6) 
original block (17,7) shifted to (17,6) 
original block (1,8) shifted to (1,7) 
original block (2,8) shifted to (2,7) 
original block (3,8) shifted to (3,7) 
original block (4,8) shifted to (4,7) 
original block (6,8) shifted to (6,7) 
original block (7,8) shifted to (7,7) 
original block (8,8) shifted to (8,7) 
original block (9,8) shifted to (9,7) 
original block (10,8) shifted to (10,7) 
original block (11,8) shifted to (11,7) 
original block (12,8) shifted to (12,7) 
original block (13,8) shifted to (13,7) 
original block (14,8) shifted to (14,7) 
original block (15,8) shifted to (15,7) 
original block (16,8) shifted to (16,7) 
original block (17,8) shifted to (17,7) 
original block (1,9) shifted to (1,8) 
original block (2,9) shifted to (2,8) 
original block (3,9) shifted to (3,8) 
original block (4,9) shifted to (4,8) 
original block (6,9) shifted to (6,8) 
original block (7,9) shifted to (7,8) 
original block (8,9) shifted to (8,8) 
original block (9,9) shifted to (9,8) 
original block (10,9) shifted to (10,8) 
original block (11,9) shifted to (11,8) 
original block (12,9) shifted to (12,8) 
original block (13,9) shifted to (13,8) 
original block (14,9) shifted to (14,8) 
original block (15,9) shifted to (15,8) 
original block (16,9) shifted to (16,8) 
original block (17,9) shifted to (17,8) 
round 1
original block (9,3) shifted to (9,2) 
original block (10,3) shifted to (10,2) 
original block (11,3) shifted to (11,2) 
original block (12,3) shifted to (12,2) 
original block (13,3) shifted to (13,2) 
original block (14,3) shifted to (14,2) 
original block (15,3) shifted to (15,2) 
original block (16,3) shifted to (16,2) 
original block (9,4) shifted to (9,3) 
original block (10,4) shifted to (10,3) 
original block (11,4) shifted to (11,3) 
original block (12,4) shifted to (12,3) 
original block (13,4) shifted to (13,3) 
original block (14,4) shifted to (14,3) 
original block (15,4) shifted to (15,3) 
original block (16,4) shifted to (16,3) 
original block (9,5) shifted to (9,4) 
original block (10,5) shifted to (10,4) 
original block (11,5) shifted to (11,4) 
original block (12,5) shifted to (12,4) 
original block (13,5) shifted to (13,4) 
original block (14,5) shifted to (14,4) 
original block (15,5) shifted to (15,4) 
original block (16,5) shifted to (16,4) 
original block (9,6) shifted to (9,5) 
original block (10,6) shifted to (10,5) 
original block (11,6) shifted to (11,5) 
original block (12,6) shifted to (12,5) 
original block (13,6) shifted to (13,5) 
original block (14,6) shifted to (14,5) 
original block (15,6) shifted to (15,5) 
original block (16,6) shifted to (16,5) 
original block (9,7) shifted to (9,6) 
original block (10,7) shifted to (10,6) 
original block (11,7) shifted to (11,6) 
original block (12,7) shifted to (12,6) 
original block (13,7) shifted to (13,6) 
original block (14,7) shifted to (14,6) 
original block (15,7) shifted to (15,6) 
original block (16,7) shifted to (16,6) 
original block (9,8) shifted to (9,7) 
original block (10,8) shifted to (10,7) 
original block (11,8) shifted to (11,7) 
original block (12,8) shifted to (12,7) 
original block (13,8) shifted to (13,7) 
original block (14,8) shifted to (14,7) 
original block (15,8) shifted to (15,7) 
original block (16,8) shifted to (16,7) 
original block (9,9) shifted to (9,8) 
original block (10,9) shifted to (10,8) 
original block (11,9) shifted to (11,8) 
original block (12,9) shifted to (12,8) 
original block (13,9) shifted to (13,8) 
original block (14,9) shifted to (14,8) 
original block (15,9) shifted to (15,8) 
original block (16,9) shifted to (16,8) 
round 1
round 2
original block (1,2) shifted to (1,1) 
original block (2,2) shifted to (2,1) 
original block (3,2) shifted to (3,1) 
original block (4,2) shifted to (4,1) 
original block (5,2) shifted to (5,1) 
original block (6,2) shifted to (6,1) 
original block (7,2) shifted to (7,1) 
original block (8,2) shifted to (8,1) 
original block (9,2) shifted to (9,1) 
original block (10,2) shifted to (10,1) 
round 1
round 1
round 1
round 1
round 2
round 1
round 1
round 1
original block (1,1) shifted to (1,0) 
original block (2,1) shifted to (2,0) 
original block (3,1) shifted to (3,0) 
original block (4,1) shifted to (4,0) 
original block (5,1) shifted to (5,0) 
original block (6,1) shifted to (6,0) 
original block (7,1) shifted to (7,0) 
original block (8,1) shifted to (8,0) 
original block (13,1) shifted to (13,0) 
original block (14,1) shifted to (14,0) 
original block (15,1) shifted to (15,0) 
original block (16,1) shifted to (16,0) 
original block (1,2) shifted to (1,1) 
original block (2,2) shifted to (2,1) 
original block (3,2) shifted to (3,1) 
original block (4,2) shifted to (4,1) 
original block (13,2) shifted to (13,1) 
original block (14,2) shifted to (14,1) 
original block (15,2) shifted to (15,1) 
original block (16,2) shifted to (16,1) 
round 2
round 2
original block (1,2) shifted to (1,1) 
original block (2,2) shifted to (2,1) 
original block (3,2) shifted to (3,1) 
original block (4,2) shifted to (4,1) 
round 2
original block (1,2) shifted to (1,1) 
original block (2,2) shifted to (2,1) 
original block (3,2) shifted to (3,1) 
original block (4,2) shifted to (4,1) 
round 3
round 1
original block (13,1) shifted to (13,0) 
original block (14,1) shifted to (14,0) 
original block (15,1) shifted to (15,0) 
original block (16,1) shifted to (16,0) 
round 1
round 1
original block (5,1) shifted to (5,0) 
original block (6,1) shifted to (6,0) 
original block (7,1) shifted to (7,0) 
original block (8,1) shifted to (8,0) 
original block (9,1) shifted to (9,0) 
original block (10,1) shifted to (10,0) 
original block (11,1) shifted to (11,0) 
original block (12,1) shifted to (12,0) 
original block (13,1) shifted to (13,0) 
original block (14,1) shifted to (14,0) 
original block (15,1) shifted to (15,0) 
original block (16,1) shifted to (16,0) 
original block (13,2) shifted to (13,1) 
original block (14,2) shifted to (14,1) 
original block (15,2) shifted to (15,1) 
original block (16,2) shifted to (16,1) 
round 1
original block (1,1) shifted to (1,0) 
original block (2,1) shifted to (2,0) 
original block (3,1) shifted to (3,0) 
original block (4,1) shifted to (4,0) 
original block (5,1) shifted to (5,0) 
original block (6,1) shifted to (6,0) 
original block (7,1) shifted to (7,0) 
original block (8,1) shifted to (8,0) 
original block (13,1) shifted to (13,0) 
original block (14,1) shifted to (14,0) 
original block (15,1) shifted to (15,0) 
original block (16,1) shifted to (16,0) 
original block (1,2) shifted to (1,1) 
original block (2,2) shifted to (2,1) 
original block (3,2) shifted to (3,1) 
original block (4,2) shifted to (4,1) 
original block (13,2) shifted to (13,1) 
original block (14,2) shifted to (14,1) 
original block (15,2) shifted to (15,1) 
original block (16,2) shifted to (16,1) 
round 1
original block (1,1) shifted to (1,0) 
original block (2,1) shifted to (2,0) 
original block (3,1) shifted to (3,0) 
original block (4,1) shifted to (4,0) 
original block (5,1) shifted to (5,0) 
original block (6,1) shifted to (6,0) 
original block (7,1) shifted to (7,0) 
original block (8,1) shifted to (8,0) 
original block (13,1) shifted to (13,0) 
original block (14,1) shifted to (14,0) 
original block (15,1) shifted to (15,0) 
original block (16,1) shifted to (16,0) 
original block (1,2) shifted to (1,1) 
original block (2,2) shifted to (2,1) 
original block (3,2) shifted to (3,1) 
original block (4,2) shifted to (4,1) 
original block (13,2) shifted to (13,1) 
original block (14,2) shifted to (14,1) 
original block (15,2) shifted to (15,1) 
original block (16,2) shifted to (16,1) 
round 1
original block (1,1) shifted to (1,0) 
original block (2,1) shifted to (2,0) 
original block (3,1) shifted to (3,0) 
original block (4,1) shifted to (4,0) 
original block (5,1) shifted to (5,0) 
original block (6,1) shifted to (6,0) 
original block (7,1) shifted to (7,0) 
original block (8,1) shifted to (8,0) 
original block (13,1) shifted to (13,0) 
original block (14,1) shifted to (14,0) 
original block (15,1) shifted to (15,0) 
original block (16,1) shifted to (16,0) 
original block (1,2) shifted to (1,1) 
original block (2,2) shifted to (2,1) 
original block (3,2) shifted to (3,1) 
original block (4,2) shifted to (4,1) 
original block (13,2) shifted to (13,1) 
original block (14,2) shifted to (14,1) 
original block (15,2) shifted to (15,1) 
original block (16,2) shifted to (16,1) 
round 1
original block (1,1) shifted to (1,0) 
original block (2,1) shifted to (2,0) 
original block (3,1) shifted to (3,0) 
original block (4,1) shifted to (4,0) 
original block (5,1) shifted to (5,0) 
original block (6,1) shifted to (6,0) 
original block (7,1) shifted to (7,0) 
original block (8,1) shifted to (8,0) 
original block (13,1) shifted to (13,0) 
original block (14,1) shifted to (14,0) 
original block (15,1) shifted to (15,0) 
original block (16,1) shifted to (16,0) 
original block (1,2) shifted to (1,1) 
original block (2,2) shifted to (2,1) 
original block (3,2) shifted to (3,1) 
original block (4,2) shifted to (4,1) 
original block (13,2) shifted to (13,1) 
original block (14,2) shifted to (14,1) 
original block (15,2) shifted to (15,1) 
original block (16,2) shifted to (16,1) 
round 1
original block (1,1) shifted to (1,0) 
original block (2,1) shifted to (2,0) 
original block (3,1) shifted to (3,0) 
original block (4,1) shifted to (4,0) 
original block (5,1) shifted to (5,0) 
original block (6,1) shifted to (6,0) 
original block (7,1) shifted to (7,0) 
original block (8,1) shifted to (8,0) 
original block (13,1) shifted to (13,0) 
original block (14,1) shifted to (14,0) 
original block (15,1) shifted to (15,0) 
original block (16,1) shifted to (16,0) 
original block (1,2) shifted to (1,1) 
original block (2,2) shifted to (2,1) 
original block (3,2) shifted to (3,1) 
original block (4,2) shifted to (4,1) 
original block (13,2) shifted to (13,1) 
original block (14,2) shifted to (14,1) 
original block (15,2) shifted to (15,1) 
original block (16,2) shifted to (16,1) 
round 1
original block (1,1) shifted to (1,0) 
original block (2,1) shifted to (2,0) 
original block (3,1) shifted to (3,0) 
original block (4,1) shifted to (4,0) 
original block (5,1) shifted to (5,0) 
original block (6,1) shifted to (6,0) 
original block (7,1) shifted to (7,0) 
original block (8,1) shifted to (8,0) 
original block (13,1) shifted to (13,0) 
original block (14,1) shifted to (14,0) 
original block (15,1) shifted to (15,0) 
original block (16,1) shifted to (16,0) 
original block (1,2) shifted to (1,1) 
original block (2,2) shifted to (2,1) 
original block (3,2) shifted to (3,1) 
original block (4,2) shifted to (4,1) 
original block (13,2) shifted to (13,1) 
original block (14,2) shifted to (14,1) 
original block (15,2) shifted to (15,1) 
original block (16,2) shifted to (16,1) 
round 1
original block (1,1) shifted to (1,0) 
original block (2,1) shifted to (2,0) 
original block (3,1) shifted to (3,0) 
original block (4,1) shifted to (4,0) 
original block (5,1) shifted to (5,0) 
original block (6,1) shifted to (6,0) 
original block (7,1) shifted to (7,0) 
original block (8,1) shifted to (8,0) 
original block (13,1) shifted to (13,0) 
original block (14,1) shifted to (14,0) 
original block (15,1) shifted to (15,0) 
original block (16,1) shifted to (16,0) 
original block (1,2) shifted to (1,1) 
original block (2,2) shifted to (2,1) 
original block (3,2) shifted to (3,1) 
original block (4,2) shifted to (4,1) 
original block (13,2) shifted to (13,1) 
original block (14,2) shifted to (14,1) 
original block (15,2) shifted to (15,1) 
original block (16,2) shifted to (16,1) 
round 1
original block (1,1) shifted to (1,0) 
original block (2,1) shifted to (2,0) 
original block (3,1) shifted to (3,0) 
original block (4,1) shifted to (4,0) 
original block (5,1) shifted to (5,0) 
original block (6,1) shifted to (6,0) 
original block (7,1) shifted to (7,0) 
original block (8,1) shifted to (8,0) 
original block (13,1) shifted to (13,0) 
original block (14,1) shifted to (14,0) 
original block (15,1) shifted to (15,0) 
original block (16,1) shifted to (16,0) 
original block (1,2) shifted to (1,1) 
original block (2,2) shifted to (2,1) 
original block (3,2) shifted to (3,1) 
original block (4,2) shifted to (4,1) 
original block (5,2) shifted to (5,1) 
original block (6,2) shifted to (6,1) 
original block (7,2) shifted to (7,1) 
original block (8,2) shifted to (8,1) 
original block (13,2) shifted to (13,1) 
original block (14,2) shifted to (14,1) 
original block (15,2) shifted to (15,1) 
original block (16,2) shifted to (16,1) 
round 1
original block (12,1) shifted to (12,0) 
original block (13,1) shifted to (13,0) 
original block (14,1) shifted to (14,0) 
original block (15,1) shifted to (15,0) 
round 1
original block (13,1) shifted to (13,0) 
original block (14,1) shifted to (14,0) 
original block (15,1) shifted to (15,0) 
original block (16,1) shifted to (16,0) 
round 1
original block (1,1) shifted to (1,0) 
original block (2,1) shifted to (2,0) 
original block (3,1) shifted to (3,0) 
original block (4,1) shifted to (4,0) 
original block (5,1) shifted to (5,0) 
original block (6,1) shifted to (6,0) 
original block (7,1) shifted to (7,0) 
original block (8,1) shifted to (8,0) 
original block (13,1) shifted to (13,0) 
original block (14,1) shifted to (14,0) 
original block (15,1) shifted to (15,0) 
original block (16,1) shifted to (16,0) 
original block (1,2) shifted to (1,1) 
original block (2,2) shifted to (2,1) 
original block (3,2) shifted to (3,1) 
original block (4,2) shifted to (4,1) 
original block (5,2) shifted to (5,1) 
original block (6,2) shifted to (6,1) 
original block (7,2) shifted to (7,1) 
original block (8,2) shifted to (8,1) 
round 1
original block (1,1) shifted to (1,0) 
original block (2,1) shifted to (2,0) 
original block (3,1) shifted to (3,0) 
original block (4,1) shifted to (4,0) 
original block (5,1) shifted to (5,0) 
original block (6,1) shifted to (6,0) 
original block (7,1) shifted to (7,0) 
original block (8,1) shifted to (8,0) 
